Expression	Value	Location	Type	
pxNewTCB	Error: Unknown or ambiguous symbol. pxNewTCB			
xEMACTaskHandle	0x2000'5320 (ucHeap + 17840)	0x2000'0c08	TaskHandle_t	
tstatus	Error: Unknown or ambiguous symbol. tstatus			
pxTopOfStack	Error: Cannot take address. pxTopOfStack			
uxPriority	Error: Unknown or ambiguous symbol. uxPriority			
pcInterruptPriorityRegisters	Error: Unknown or ambiguous symbol. pcInterruptPriorityRegisters			
ucIPAddress	<array>"\n.\nÈÿÿÿ"	0x800'832c	uint8_t (const)[4]	
cBuffer	Error: Unknown or ambiguous symbol. cBuffer			
ulIPAddress	Error: Unknown or ambiguous symbol. ulIPAddress			
userBuffer	<array>"GET /ip HTTP/1.1\r\nUser-Agent: my-platform-name\r\nHost: httpbi..."	0x2001'40f0	uint8_t[1024]	
response_buff	<array>"˜V. ½þ"	0x2001'44f0	uint8_t[1024]	
[0]	'˜' (0x98)	0x2001'44f0	uint8_t	
[1]	'V' (0x56)	0x2001'44f1	uint8_t	
[2]	'.' (0x01)	0x2001'44f2	uint8_t	
[3]	' ' (0x20)	0x2001'44f3	uint8_t	
[4]	'½' (0xBD)	0x2001'44f4	uint8_t	
[5]	'þ' (0xFE)	0x2001'44f5	uint8_t	
[6]	'\0' (0x00)	0x2001'44f6	uint8_t	
[7]	'\b' (0x08)	0x2001'44f7	uint8_t	
[8]	'¥' (0xA5)	0x2001'44f8	uint8_t	
[9]	'þ' (0xFE)	0x2001'44f9	uint8_t	
[10]	'\0' (0x00)	0x2001'44fa	uint8_t	
[11]	'\b' (0x08)	0x2001'44fb	uint8_t	
[12]	'§' (0xA7)	0x2001'44fc	uint8_t	
[13]	'þ' (0xFE)	0x2001'44fd	uint8_t	
[14]	'\0' (0x00)	0x2001'44fe	uint8_t	
[15]	'\b' (0x08)	0x2001'44ff	uint8_t	
[16]	'©' (0xA9)	0x2001'4500	uint8_t	
[17]	'þ' (0xFE)	0x2001'4501	uint8_t	
[18]	'\0' (0x00)	0x2001'4502	uint8_t	
[19]	'\b' (0x08)	0x2001'4503	uint8_t	
[20]	'«' (0xAB)	0x2001'4504	uint8_t	
[21]	'þ' (0xFE)	0x2001'4505	uint8_t	
[22]	'\0' (0x00)	0x2001'4506	uint8_t	
[23]	'\b' (0x08)	0x2001'4507	uint8_t	
[24]	'­' (0xAD)	0x2001'4508	uint8_t	
[25]	'þ' (0xFE)	0x2001'4509	uint8_t	
[26]	'\0' (0x00)	0x2001'450a	uint8_t	
[27]	'\b' (0x08)	0x2001'450b	uint8_t	
[28]	'\0' (0x00)	0x2001'450c	uint8_t	
[29]	'\0' (0x00)	0x2001'450d	uint8_t	
[30]	'\0' (0x00)	0x2001'450e	uint8_t	
[31]	'\0' (0x00)	0x2001'450f	uint8_t	
[32]	'\0' (0x00)	0x2001'4510	uint8_t	
[33]	'\0' (0x00)	0x2001'4511	uint8_t	
[34]	'\0' (0x00)	0x2001'4512	uint8_t	
[35]	'\0' (0x00)	0x2001'4513	uint8_t	
[36]	'\0' (0x00)	0x2001'4514	uint8_t	
[37]	'\0' (0x00)	0x2001'4515	uint8_t	
[38]	'\0' (0x00)	0x2001'4516	uint8_t	
[39]	'\0' (0x00)	0x2001'4517	uint8_t	
[40]	'\0' (0x00)	0x2001'4518	uint8_t	
[41]	'\0' (0x00)	0x2001'4519	uint8_t	
[42]	'\0' (0x00)	0x2001'451a	uint8_t	
[43]	'\0' (0x00)	0x2001'451b	uint8_t	
[44]	'' (0x9D)	0x2001'451c	uint8_t	
[45]	'ê' (0xEA)	0x2001'451d	uint8_t	
[46]	'\0' (0x00)	0x2001'451e	uint8_t	
[47]	'\b' (0x08)	0x2001'451f	uint8_t	
[48]	'¯' (0xAF)	0x2001'4520	uint8_t	
[49]	'þ' (0xFE)	0x2001'4521	uint8_t	
[50]	'\0' (0x00)	0x2001'4522	uint8_t	
[51]	'\b' (0x08)	0x2001'4523	uint8_t	
[52]	'\0' (0x00)	0x2001'4524	uint8_t	
[53]	'\0' (0x00)	0x2001'4525	uint8_t	
[54]	'\0' (0x00)	0x2001'4526	uint8_t	
[55]	'\0' (0x00)	0x2001'4527	uint8_t	
[56]	'E' (0x45)	0x2001'4528	uint8_t	
[57]	'ê' (0xEA)	0x2001'4529	uint8_t	
[58]	'\0' (0x00)	0x2001'452a	uint8_t	
[59]	'\b' (0x08)	0x2001'452b	uint8_t	
[60]	'ÿ' (0xFF)	0x2001'452c	uint8_t	
[61]	'·' (0xB7)	0x2001'452d	uint8_t	
[62]	'\0' (0x00)	0x2001'452e	uint8_t	
[63]	'\b' (0x08)	0x2001'452f	uint8_t	
[64]	'Ù' (0xD9)	0x2001'4530	uint8_t	
[65]	'þ' (0xFE)	0x2001'4531	uint8_t	
[66]	'\0' (0x00)	0x2001'4532	uint8_t	
[67]	'\b' (0x08)	0x2001'4533	uint8_t	
[68]	'Ý' (0xDD)	0x2001'4534	uint8_t	
[69]	'þ' (0xFE)	0x2001'4535	uint8_t	
[70]	'\0' (0x00)	0x2001'4536	uint8_t	
[71]	'\b' (0x08)	0x2001'4537	uint8_t	
[72]	'á' (0xE1)	0x2001'4538	uint8_t	
[73]	'þ' (0xFE)	0x2001'4539	uint8_t	
[74]	'\0' (0x00)	0x2001'453a	uint8_t	
[75]	'\b' (0x08)	0x2001'453b	uint8_t	
[76]	'å' (0xE5)	0x2001'453c	uint8_t	
[77]	'þ' (0xFE)	0x2001'453d	uint8_t	
[78]	'\0' (0x00)	0x2001'453e	uint8_t	
[79]	'\b' (0x08)	0x2001'453f	uint8_t	
[80]	'é' (0xE9)	0x2001'4540	uint8_t	
[81]	'þ' (0xFE)	0x2001'4541	uint8_t	
[82]	'\0' (0x00)	0x2001'4542	uint8_t	
[83]	'\b' (0x08)	0x2001'4543	uint8_t	
[84]	'í' (0xED)	0x2001'4544	uint8_t	
[85]	'þ' (0xFE)	0x2001'4545	uint8_t	
[86]	'\0' (0x00)	0x2001'4546	uint8_t	
[87]	'\b' (0x08)	0x2001'4547	uint8_t	
[88]	'ñ' (0xF1)	0x2001'4548	uint8_t	
[89]	'þ' (0xFE)	0x2001'4549	uint8_t	
[90]	'\0' (0x00)	0x2001'454a	uint8_t	
[91]	'\b' (0x08)	0x2001'454b	uint8_t	
[92]	'õ' (0xF5)	0x2001'454c	uint8_t	
[93]	'þ' (0xFE)	0x2001'454d	uint8_t	
[94]	'\0' (0x00)	0x2001'454e	uint8_t	
[95]	'\b' (0x08)	0x2001'454f	uint8_t	
[96]	'ù' (0xF9)	0x2001'4550	uint8_t	
[97]	'þ' (0xFE)	0x2001'4551	uint8_t	
[98]	'\0' (0x00)	0x2001'4552	uint8_t	
[99]	'\b' (0x08)	0x2001'4553	uint8_t	
[100]	'ý' (0xFD)	0x2001'4554	uint8_t	
[101]	'þ' (0xFE)	0x2001'4555	uint8_t	
[102]	'\0' (0x00)	0x2001'4556	uint8_t	
[103]	'\b' (0x08)	0x2001'4557	uint8_t	
[104]	'.' (0x01)	0x2001'4558	uint8_t	
[105]	'ÿ' (0xFF)	0x2001'4559	uint8_t	
[106]	'\0' (0x00)	0x2001'455a	uint8_t	
[107]	'\b' (0x08)	0x2001'455b	uint8_t	
[108]	'.' (0x05)	0x2001'455c	uint8_t	
[109]	'ÿ' (0xFF)	0x2001'455d	uint8_t	
[110]	'\0' (0x00)	0x2001'455e	uint8_t	
[111]	'\b' (0x08)	0x2001'455f	uint8_t	
[112]	'\t' (0x09)	0x2001'4560	uint8_t	
[113]	'ÿ' (0xFF)	0x2001'4561	uint8_t	
[114]	'\0' (0x00)	0x2001'4562	uint8_t	
[115]	'\b' (0x08)	0x2001'4563	uint8_t	
[116]	'\r' (0x0D)	0x2001'4564	uint8_t	
[117]	'ÿ' (0xFF)	0x2001'4565	uint8_t	
[118]	'\0' (0x00)	0x2001'4566	uint8_t	
[119]	'\b' (0x08)	0x2001'4567	uint8_t	
[120]	'.' (0x11)	0x2001'4568	uint8_t	
[121]	'ÿ' (0xFF)	0x2001'4569	uint8_t	
[122]	'\0' (0x00)	0x2001'456a	uint8_t	
[123]	'\b' (0x08)	0x2001'456b	uint8_t	
[124]	'.' (0x15)	0x2001'456c	uint8_t	
[125]	'ÿ' (0xFF)	0x2001'456d	uint8_t	
[126]	'\0' (0x00)	0x2001'456e	uint8_t	
[127]	'\b' (0x08)	0x2001'456f	uint8_t	
[128]	'.' (0x19)	0x2001'4570	uint8_t	
[129]	'ÿ' (0xFF)	0x2001'4571	uint8_t	
[130]	'\0' (0x00)	0x2001'4572	uint8_t	
[131]	'\b' (0x08)	0x2001'4573	uint8_t	
[132]	'.' (0x1D)	0x2001'4574	uint8_t	
[133]	'ÿ' (0xFF)	0x2001'4575	uint8_t	
[134]	'\0' (0x00)	0x2001'4576	uint8_t	
[135]	'\b' (0x08)	0x2001'4577	uint8_t	
[136]	'!' (0x21)	0x2001'4578	uint8_t	
[137]	'ÿ' (0xFF)	0x2001'4579	uint8_t	
[138]	'\0' (0x00)	0x2001'457a	uint8_t	
[139]	'\b' (0x08)	0x2001'457b	uint8_t	
[140]	'%' (0x25)	0x2001'457c	uint8_t	
[141]	'ÿ' (0xFF)	0x2001'457d	uint8_t	
[142]	'\0' (0x00)	0x2001'457e	uint8_t	
[143]	'\b' (0x08)	0x2001'457f	uint8_t	
[144]	')' (0x29)	0x2001'4580	uint8_t	
[145]	'ÿ' (0xFF)	0x2001'4581	uint8_t	
[146]	'\0' (0x00)	0x2001'4582	uint8_t	
[147]	'\b' (0x08)	0x2001'4583	uint8_t	
[148]	'-' (0x2D)	0x2001'4584	uint8_t	
[149]	'ÿ' (0xFF)	0x2001'4585	uint8_t	
[150]	'\0' (0x00)	0x2001'4586	uint8_t	
[151]	'\b' (0x08)	0x2001'4587	uint8_t	
[152]	'1' (0x31)	0x2001'4588	uint8_t	
[153]	'ÿ' (0xFF)	0x2001'4589	uint8_t	
[154]	'\0' (0x00)	0x2001'458a	uint8_t	
[155]	'\b' (0x08)	0x2001'458b	uint8_t	
[156]	'5' (0x35)	0x2001'458c	uint8_t	
[157]	'ÿ' (0xFF)	0x2001'458d	uint8_t	
[158]	'\0' (0x00)	0x2001'458e	uint8_t	
[159]	'\b' (0x08)	0x2001'458f	uint8_t	
[160]	'9' (0x39)	0x2001'4590	uint8_t	
[161]	'ÿ' (0xFF)	0x2001'4591	uint8_t	
[162]	'\0' (0x00)	0x2001'4592	uint8_t	
[163]	'\b' (0x08)	0x2001'4593	uint8_t	
[164]	'=' (0x3D)	0x2001'4594	uint8_t	
[165]	'ÿ' (0xFF)	0x2001'4595	uint8_t	
[166]	'\0' (0x00)	0x2001'4596	uint8_t	
[167]	'\b' (0x08)	0x2001'4597	uint8_t	
[168]	'A' (0x41)	0x2001'4598	uint8_t	
[169]	'ÿ' (0xFF)	0x2001'4599	uint8_t	
[170]	'\0' (0x00)	0x2001'459a	uint8_t	
[171]	'\b' (0x08)	0x2001'459b	uint8_t	
[172]	'E' (0x45)	0x2001'459c	uint8_t	
[173]	'ÿ' (0xFF)	0x2001'459d	uint8_t	
[174]	'\0' (0x00)	0x2001'459e	uint8_t	
[175]	'\b' (0x08)	0x2001'459f	uint8_t	
[176]	'I' (0x49)	0x2001'45a0	uint8_t	
[177]	'ÿ' (0xFF)	0x2001'45a1	uint8_t	
[178]	'\0' (0x00)	0x2001'45a2	uint8_t	
[179]	'\b' (0x08)	0x2001'45a3	uint8_t	
[180]	'±' (0xB1)	0x2001'45a4	uint8_t	
[181]	'þ' (0xFE)	0x2001'45a5	uint8_t	
[182]	'\0' (0x00)	0x2001'45a6	uint8_t	
[183]	'\b' (0x08)	0x2001'45a7	uint8_t	
[184]	'M' (0x4D)	0x2001'45a8	uint8_t	
[185]	'ÿ' (0xFF)	0x2001'45a9	uint8_t	
[186]	'\0' (0x00)	0x2001'45aa	uint8_t	
[187]	'\b' (0x08)	0x2001'45ab	uint8_t	
[188]	'Q' (0x51)	0x2001'45ac	uint8_t	
[189]	'ÿ' (0xFF)	0x2001'45ad	uint8_t	
[190]	'\0' (0x00)	0x2001'45ae	uint8_t	
[191]	'\b' (0x08)	0x2001'45af	uint8_t	
[192]	'U' (0x55)	0x2001'45b0	uint8_t	
[193]	'ÿ' (0xFF)	0x2001'45b1	uint8_t	
[194]	'\0' (0x00)	0x2001'45b2	uint8_t	
[195]	'\b' (0x08)	0x2001'45b3	uint8_t	
[196]	'Y' (0x59)	0x2001'45b4	uint8_t	
[197]	'ÿ' (0xFF)	0x2001'45b5	uint8_t	
[198]	'\0' (0x00)	0x2001'45b6	uint8_t	
[199]	'\b' (0x08)	0x2001'45b7	uint8_t	
[200]	']' (0x5D)	0x2001'45b8	uint8_t	
[201]	'ÿ' (0xFF)	0x2001'45b9	uint8_t	
[202]	'\0' (0x00)	0x2001'45ba	uint8_t	
[203]	'\b' (0x08)	0x2001'45bb	uint8_t	
[204]	'a' (0x61)	0x2001'45bc	uint8_t	
[205]	'ÿ' (0xFF)	0x2001'45bd	uint8_t	
[206]	'\0' (0x00)	0x2001'45be	uint8_t	
[207]	'\b' (0x08)	0x2001'45bf	uint8_t	
[208]	'e' (0x65)	0x2001'45c0	uint8_t	
[209]	'ÿ' (0xFF)	0x2001'45c1	uint8_t	
[210]	'\0' (0x00)	0x2001'45c2	uint8_t	
[211]	'\b' (0x08)	0x2001'45c3	uint8_t	
[212]	'i' (0x69)	0x2001'45c4	uint8_t	
[213]	'ÿ' (0xFF)	0x2001'45c5	uint8_t	
[214]	'\0' (0x00)	0x2001'45c6	uint8_t	
[215]	'\b' (0x08)	0x2001'45c7	uint8_t	
[216]	'm' (0x6D)	0x2001'45c8	uint8_t	
[217]	'ÿ' (0xFF)	0x2001'45c9	uint8_t	
[218]	'\0' (0x00)	0x2001'45ca	uint8_t	
[219]	'\b' (0x08)	0x2001'45cb	uint8_t	
[220]	'q' (0x71)	0x2001'45cc	uint8_t	
[221]	'ÿ' (0xFF)	0x2001'45cd	uint8_t	
[222]	'\0' (0x00)	0x2001'45ce	uint8_t	
[223]	'\b' (0x08)	0x2001'45cf	uint8_t	
[224]	'u' (0x75)	0x2001'45d0	uint8_t	
[225]	'ÿ' (0xFF)	0x2001'45d1	uint8_t	
[226]	'\0' (0x00)	0x2001'45d2	uint8_t	
[227]	'\b' (0x08)	0x2001'45d3	uint8_t	
[228]	'y' (0x79)	0x2001'45d4	uint8_t	
[229]	'ÿ' (0xFF)	0x2001'45d5	uint8_t	
[230]	'\0' (0x00)	0x2001'45d6	uint8_t	
[231]	'\b' (0x08)	0x2001'45d7	uint8_t	
[232]	'}' (0x7D)	0x2001'45d8	uint8_t	
[233]	'ÿ' (0xFF)	0x2001'45d9	uint8_t	
[234]	'\0' (0x00)	0x2001'45da	uint8_t	
[235]	'\b' (0x08)	0x2001'45db	uint8_t	
[236]	'' (0x81)	0x2001'45dc	uint8_t	
[237]	'ÿ' (0xFF)	0x2001'45dd	uint8_t	
[238]	'\0' (0x00)	0x2001'45de	uint8_t	
[239]	'\b' (0x08)	0x2001'45df	uint8_t	
[240]	'…' (0x85)	0x2001'45e0	uint8_t	
[241]	'ÿ' (0xFF)	0x2001'45e1	uint8_t	
[242]	'\0' (0x00)	0x2001'45e2	uint8_t	
[243]	'\b' (0x08)	0x2001'45e3	uint8_t	
[244]	'‰' (0x89)	0x2001'45e4	uint8_t	
[245]	'ÿ' (0xFF)	0x2001'45e5	uint8_t	
[246]	'\0' (0x00)	0x2001'45e6	uint8_t	
[247]	'\b' (0x08)	0x2001'45e7	uint8_t	
[248]	'' (0x8D)	0x2001'45e8	uint8_t	
[249]	'ÿ' (0xFF)	0x2001'45e9	uint8_t	
[250]	'\0' (0x00)	0x2001'45ea	uint8_t	
[251]	'\b' (0x08)	0x2001'45eb	uint8_t	
[252]	'‘' (0x91)	0x2001'45ec	uint8_t	
[253]	'ÿ' (0xFF)	0x2001'45ed	uint8_t	
[254]	'\0' (0x00)	0x2001'45ee	uint8_t	
[255]	'\b' (0x08)	0x2001'45ef	uint8_t	
[256]	'•' (0x95)	0x2001'45f0	uint8_t	
[257]	'ÿ' (0xFF)	0x2001'45f1	uint8_t	
[258]	'\0' (0x00)	0x2001'45f2	uint8_t	
[259]	'\b' (0x08)	0x2001'45f3	uint8_t	
[260]	'™' (0x99)	0x2001'45f4	uint8_t	
[261]	'ÿ' (0xFF)	0x2001'45f5	uint8_t	
[262]	'\0' (0x00)	0x2001'45f6	uint8_t	
[263]	'\b' (0x08)	0x2001'45f7	uint8_t	
[264]	'' (0x9D)	0x2001'45f8	uint8_t	
[265]	'ÿ' (0xFF)	0x2001'45f9	uint8_t	
[266]	'\0' (0x00)	0x2001'45fa	uint8_t	
[267]	'\b' (0x08)	0x2001'45fb	uint8_t	
[268]	'¡' (0xA1)	0x2001'45fc	uint8_t	
[269]	'ÿ' (0xFF)	0x2001'45fd	uint8_t	
[270]	'\0' (0x00)	0x2001'45fe	uint8_t	
[271]	'\b' (0x08)	0x2001'45ff	uint8_t	
[272]	'¥' (0xA5)	0x2001'4600	uint8_t	
[273]	'ÿ' (0xFF)	0x2001'4601	uint8_t	
[274]	'\0' (0x00)	0x2001'4602	uint8_t	
[275]	'\b' (0x08)	0x2001'4603	uint8_t	
[276]	'©' (0xA9)	0x2001'4604	uint8_t	
[277]	'ÿ' (0xFF)	0x2001'4605	uint8_t	
[278]	'\0' (0x00)	0x2001'4606	uint8_t	
[279]	'\b' (0x08)	0x2001'4607	uint8_t	
[280]	'­' (0xAD)	0x2001'4608	uint8_t	
[281]	'ÿ' (0xFF)	0x2001'4609	uint8_t	
[282]	'\0' (0x00)	0x2001'460a	uint8_t	
[283]	'\b' (0x08)	0x2001'460b	uint8_t	
[284]	'±' (0xB1)	0x2001'460c	uint8_t	
[285]	'ÿ' (0xFF)	0x2001'460d	uint8_t	
[286]	'\0' (0x00)	0x2001'460e	uint8_t	
[287]	'\b' (0x08)	0x2001'460f	uint8_t	
[288]	'µ' (0xB5)	0x2001'4610	uint8_t	
[289]	'ÿ' (0xFF)	0x2001'4611	uint8_t	
[290]	'\0' (0x00)	0x2001'4612	uint8_t	
[291]	'\b' (0x08)	0x2001'4613	uint8_t	
[292]	'¹' (0xB9)	0x2001'4614	uint8_t	
[293]	'ÿ' (0xFF)	0x2001'4615	uint8_t	
[294]	'\0' (0x00)	0x2001'4616	uint8_t	
[295]	'\b' (0x08)	0x2001'4617	uint8_t	
[296]	'½' (0xBD)	0x2001'4618	uint8_t	
[297]	'ÿ' (0xFF)	0x2001'4619	uint8_t	
[298]	'\0' (0x00)	0x2001'461a	uint8_t	
[299]	'\b' (0x08)	0x2001'461b	uint8_t	
[300]	'Á' (0xC1)	0x2001'461c	uint8_t	
[301]	'ÿ' (0xFF)	0x2001'461d	uint8_t	
[302]	'\0' (0x00)	0x2001'461e	uint8_t	
[303]	'\b' (0x08)	0x2001'461f	uint8_t	
[304]	'Å' (0xC5)	0x2001'4620	uint8_t	
[305]	'ÿ' (0xFF)	0x2001'4621	uint8_t	
[306]	'\0' (0x00)	0x2001'4622	uint8_t	
[307]	'\b' (0x08)	0x2001'4623	uint8_t	
[308]	'\v' (0x0B)	0x2001'4624	uint8_t	
[309]	'¶' (0xB6)	0x2001'4625	uint8_t	
[310]	'\0' (0x00)	0x2001'4626	uint8_t	
[311]	'\b' (0x08)	0x2001'4627	uint8_t	
[312]	'É' (0xC9)	0x2001'4628	uint8_t	
[313]	'ÿ' (0xFF)	0x2001'4629	uint8_t	
[314]	'\0' (0x00)	0x2001'462a	uint8_t	
[315]	'\b' (0x08)	0x2001'462b	uint8_t	
[316]	'Í' (0xCD)	0x2001'462c	uint8_t	
[317]	'ÿ' (0xFF)	0x2001'462d	uint8_t	
[318]	'\0' (0x00)	0x2001'462e	uint8_t	
[319]	'\b' (0x08)	0x2001'462f	uint8_t	
[320]	'Ñ' (0xD1)	0x2001'4630	uint8_t	
[321]	'ÿ' (0xFF)	0x2001'4631	uint8_t	
[322]	'\0' (0x00)	0x2001'4632	uint8_t	
[323]	'\b' (0x08)	0x2001'4633	uint8_t	
[324]	'Õ' (0xD5)	0x2001'4634	uint8_t	
[325]	'ÿ' (0xFF)	0x2001'4635	uint8_t	
[326]	'\0' (0x00)	0x2001'4636	uint8_t	
[327]	'\b' (0x08)	0x2001'4637	uint8_t	
[328]	'Ù' (0xD9)	0x2001'4638	uint8_t	
[329]	'ÿ' (0xFF)	0x2001'4639	uint8_t	
[330]	'\0' (0x00)	0x2001'463a	uint8_t	
[331]	'\b' (0x08)	0x2001'463b	uint8_t	
[332]	'Ý' (0xDD)	0x2001'463c	uint8_t	
[333]	'ÿ' (0xFF)	0x2001'463d	uint8_t	
[334]	'\0' (0x00)	0x2001'463e	uint8_t	
[335]	'\b' (0x08)	0x2001'463f	uint8_t	
[336]	'á' (0xE1)	0x2001'4640	uint8_t	
[337]	'ÿ' (0xFF)	0x2001'4641	uint8_t	
[338]	'\0' (0x00)	0x2001'4642	uint8_t	
[339]	'\b' (0x08)	0x2001'4643	uint8_t	
[340]	'å' (0xE5)	0x2001'4644	uint8_t	
[341]	'ÿ' (0xFF)	0x2001'4645	uint8_t	
[342]	'\0' (0x00)	0x2001'4646	uint8_t	
[343]	'\b' (0x08)	0x2001'4647	uint8_t	
[344]	'é' (0xE9)	0x2001'4648	uint8_t	
[345]	'ÿ' (0xFF)	0x2001'4649	uint8_t	
[346]	'\0' (0x00)	0x2001'464a	uint8_t	
[347]	'\b' (0x08)	0x2001'464b	uint8_t	
[348]	'í' (0xED)	0x2001'464c	uint8_t	
[349]	'ÿ' (0xFF)	0x2001'464d	uint8_t	
[350]	'\0' (0x00)	0x2001'464e	uint8_t	
[351]	'\b' (0x08)	0x2001'464f	uint8_t	
[352]	'ñ' (0xF1)	0x2001'4650	uint8_t	
[353]	'ÿ' (0xFF)	0x2001'4651	uint8_t	
[354]	'\0' (0x00)	0x2001'4652	uint8_t	
[355]	'\b' (0x08)	0x2001'4653	uint8_t	
[356]	'õ' (0xF5)	0x2001'4654	uint8_t	
[357]	'ÿ' (0xFF)	0x2001'4655	uint8_t	
[358]	'\0' (0x00)	0x2001'4656	uint8_t	
[359]	'\b' (0x08)	0x2001'4657	uint8_t	
[360]	'ù' (0xF9)	0x2001'4658	uint8_t	
[361]	'ÿ' (0xFF)	0x2001'4659	uint8_t	
[362]	'\0' (0x00)	0x2001'465a	uint8_t	
[363]	'\b' (0x08)	0x2001'465b	uint8_t	
[364]	'ý' (0xFD)	0x2001'465c	uint8_t	
[365]	'ÿ' (0xFF)	0x2001'465d	uint8_t	
[366]	'\0' (0x00)	0x2001'465e	uint8_t	
[367]	'\b' (0x08)	0x2001'465f	uint8_t	
[368]	'.' (0x01)	0x2001'4660	uint8_t	
[369]	'\0' (0x00)	0x2001'4661	uint8_t	
[370]	'.' (0x01)	0x2001'4662	uint8_t	
[371]	'\b' (0x08)	0x2001'4663	uint8_t	
[372]	'.' (0x05)	0x2001'4664	uint8_t	
[373]	'\0' (0x00)	0x2001'4665	uint8_t	
[374]	'.' (0x01)	0x2001'4666	uint8_t	
[375]	'\b' (0x08)	0x2001'4667	uint8_t	
[376]	'\t' (0x09)	0x2001'4668	uint8_t	
[377]	'\0' (0x00)	0x2001'4669	uint8_t	
[378]	'.' (0x01)	0x2001'466a	uint8_t	
[379]	'\b' (0x08)	0x2001'466b	uint8_t	
[380]	'\0' (0x00)	0x2001'466c	uint8_t	
[381]	'\0' (0x00)	0x2001'466d	uint8_t	
[382]	'\0' (0x00)	0x2001'466e	uint8_t	
[383]	'\0' (0x00)	0x2001'466f	uint8_t	
[384]	'\r' (0x0D)	0x2001'4670	uint8_t	
[385]	'\0' (0x00)	0x2001'4671	uint8_t	
[386]	'.' (0x01)	0x2001'4672	uint8_t	
[387]	'\b' (0x08)	0x2001'4673	uint8_t	
[388]	'.' (0x11)	0x2001'4674	uint8_t	
[389]	'\0' (0x00)	0x2001'4675	uint8_t	
[390]	'.' (0x01)	0x2001'4676	uint8_t	
[391]	'\b' (0x08)	0x2001'4677	uint8_t	
[392]	'ü' (0xFC)	0x2001'4678	uint8_t	
[393]	'µ' (0xB5)	0x2001'4679	uint8_t	
[394]	'.' (0x0F)	0x2001'467a	uint8_t	
[395]	'h' (0x68)	0x2001'467b	uint8_t	
[396]	'\a' (0x07)	0x2001'467c	uint8_t	
[397]	'ž' (0x9E)	0x2001'467d	uint8_t	
[398]	'Ý' (0xDD)	0x2001'467e	uint8_t	
[399]	'ø' (0xF8)	0x2001'467f	uint8_t	
[400]	' ' (0x20)	0x2001'4680	uint8_t	
[401]	'à' (0xE0)	0x2001'4681	uint8_t	
[402]	'Í' (0xCD)	0x2001'4682	uint8_t	
[403]	'é' (0xE9)	0x2001'4683	uint8_t	
[404]	'\0' (0x00)	0x2001'4684	uint8_t	
[405]	'E' (0x45)	0x2001'4685	uint8_t	
[406]	'\0' (0x00)	0x2001'4686	uint8_t	
[407]	'à' (0xE0)	0x2001'4687	uint8_t	
[408]	'R' (0x52)	0x2001'4688	uint8_t	
[409]	'.' (0x1C)	0x2001'4689	uint8_t	
[410]	'š' (0x9A)	0x2001'468a	uint8_t	
[411]	'B' (0x42)	0x2001'468b	uint8_t	
[412]	'.' (0x14)	0x2001'468c	uint8_t	
[413]	'Ð' (0xD0)	0x2001'468d	uint8_t	
[414]	'.' (0x14)	0x2001'468e	uint8_t	
[415]	'x' (0x78)	0x2001'468f	uint8_t	
[416]	'¤' (0xA4)	0x2001'4690	uint8_t	
[417]	'ñ' (0xF1)	0x2001'4691	uint8_t	
[418]	'A' (0x41)	0x2001'4692	uint8_t	
[419]	'.' (0x05)	0x2001'4693	uint8_t	
[420]	'.' (0x1A)	0x2001'4694	uint8_t	
[421]	'-' (0x2D)	0x2001'4695	uint8_t	
[422]	'8' (0x38)	0x2001'4696	uint8_t	
[423]	'¿' (0xBF)	0x2001'4697	uint8_t	
[424]	'D' (0x44)	0x2001'4698	uint8_t	
[425]	'ð' (0xF0)	0x2001'4699	uint8_t	
[426]	' ' (0x20)	0x2001'469a	uint8_t	
[427]	'.' (0x04)	0x2001'469b	uint8_t	
[428]	'õ' (0xF5)	0x2001'469c	uint8_t	
[429]	']' (0x5D)	0x2001'469d	uint8_t	
[430]	'¬' (0xAC)	0x2001'469e	uint8_t	
[431]	'B' (0x42)	0x2001'469f	uint8_t	
[432]	'.' (0x06)	0x2001'46a0	uint8_t	
[433]	'Ñ' (0xD1)	0x2001'46a1	uint8_t	
[434]	'.' (0x7F)	0x2001'46a2	uint8_t	
[435]	'.' (0x1C)	0x2001'46a3	uint8_t	
[436]	'w' (0x77)	0x2001'46a4	uint8_t	
[437]	'E' (0x45)	0x2001'46a5	uint8_t	
[438]	'ï' (0xEF)	0x2001'46a6	uint8_t	
[439]	'Ñ' (0xD1)	0x2001'46a7	uint8_t	
[440]	'\0' (0x00)	0x2001'46a8	uint8_t	
[441]	'#' (0x23)	0x2001'46a9	uint8_t	
[442]	'' (0x8D)	0x2001'46aa	uint8_t	
[443]	'ø' (0xF8)	0x2001'46ab	uint8_t	
[444]	'\0' (0x00)	0x2001'46ac	uint8_t	
[445]	'0' (0x30)	0x2001'46ad	uint8_t	
[446]	'.' (0x1F)	0x2001'46ae	uint8_t	
[447]	'à' (0xE0)	0x2001'46af	uint8_t	
[448]	'.' (0x02)	0x2001'46b0	uint8_t	
[449]	'$' (0x24)	0x2001'46b1	uint8_t	
[450]	'' (0x8D)	0x2001'46b2	uint8_t	
[451]	'ø' (0xF8)	0x2001'46b3	uint8_t	
[452]	'\0' (0x00)	0x2001'46b4	uint8_t	
[453]	'@' (0x40)	0x2001'46b5	uint8_t	
[454]	'ú' (0xFA)	0x2001'46b6	uint8_t	
[455]	'ç' (0xE7)	0x2001'46b7	uint8_t	
[456]	'!' (0x21)	0x2001'46b8	uint8_t	
[457]	'à' (0xE0)	0x2001'46b9	uint8_t	
[458]	'ü' (0xFC)	0x2001'46ba	uint8_t	
[459]	'µ' (0xB5)	0x2001'46bb	uint8_t	
[460]	'.' (0x0F)	0x2001'46bc	uint8_t	
[461]	'h' (0x68)	0x2001'46bd	uint8_t	
[462]	'\a' (0x07)	0x2001'46be	uint8_t	
[463]	'ž' (0x9E)	0x2001'46bf	uint8_t	
[464]	'Ý' (0xDD)	0x2001'46c0	uint8_t	
[465]	'ø' (0xF8)	0x2001'46c1	uint8_t	
[466]	' ' (0x20)	0x2001'46c2	uint8_t	
[467]	'à' (0xE0)	0x2001'46c3	uint8_t	
[468]	'Í' (0xCD)	0x2001'46c4	uint8_t	
[469]	'é' (0xE9)	0x2001'46c5	uint8_t	
[470]	'\0' (0x00)	0x2001'46c6	uint8_t	
[471]	'E' (0x45)	0x2001'46c7	uint8_t	
[472]	'\0' (0x00)	0x2001'46c8	uint8_t	
[473]	'à' (0xE0)	0x2001'46c9	uint8_t	
[474]	'R' (0x52)	0x2001'46ca	uint8_t	
[475]	'.' (0x1C)	0x2001'46cb	uint8_t	
[476]	'š' (0x9A)	0x2001'46cc	uint8_t	
[477]	'B' (0x42)	0x2001'46cd	uint8_t	
[478]	'.' (0x0E)	0x2001'46ce	uint8_t	
[479]	'Ð' (0xD0)	0x2001'46cf	uint8_t	
[480]	'.' (0x15)	0x2001'46d0	uint8_t	
[481]	'x' (0x78)	0x2001'46d1	uint8_t	
[482]	'ô' (0xF4)	0x2001'46d2	uint8_t	
[483]	']' (0x5D)	0x2001'46d3	uint8_t	
[484]	'¥' (0xA5)	0x2001'46d4	uint8_t	
[485]	'B' (0x42)	0x2001'46d5	uint8_t	
[486]	'.' (0x06)	0x2001'46d6	uint8_t	
[487]	'Ñ' (0xD1)	0x2001'46d7	uint8_t	
[488]	'.' (0x7F)	0x2001'46d8	uint8_t	
[489]	'.' (0x1C)	0x2001'46d9	uint8_t	
[490]	'w' (0x77)	0x2001'46da	uint8_t	
[491]	'E' (0x45)	0x2001'46db	uint8_t	
[492]	'õ' (0xF5)	0x2001'46dc	uint8_t	
[493]	'Ñ' (0xD1)	0x2001'46dd	uint8_t	
[494]	'\0' (0x00)	0x2001'46de	uint8_t	
[495]	'#' (0x23)	0x2001'46df	uint8_t	
[496]	'' (0x8D)	0x2001'46e0	uint8_t	
[497]	'ø' (0xF8)	0x2001'46e1	uint8_t	
[498]	'\0' (0x00)	0x2001'46e2	uint8_t	
[499]	'0' (0x30)	0x2001'46e3	uint8_t	
[500]	'.' (0x04)	0x2001'46e4	uint8_t	
[501]	'à' (0xE0)	0x2001'46e5	uint8_t	
[502]	'.' (0x02)	0x2001'46e6	uint8_t	
[503]	'$' (0x24)	0x2001'46e7	uint8_t	
[504]	'' (0x8D)	0x2001'46e8	uint8_t	
[505]	'ø' (0xF8)	0x2001'46e9	uint8_t	
[506]	'\0' (0x00)	0x2001'46ea	uint8_t	
[507]	'@' (0x40)	0x2001'46eb	uint8_t	
[508]	'ú' (0xFA)	0x2001'46ec	uint8_t	
[509]	'ç' (0xE7)	0x2001'46ed	uint8_t	
[510]	'.' (0x06)	0x2001'46ee	uint8_t	
[511]	'à' (0xE0)	0x2001'46ef	uint8_t	
[512]	'Ý' (0xDD)	0x2001'46f0	uint8_t	
[513]	'é' (0xE9)	0x2001'46f1	uint8_t	
[514]	'\0' (0x00)	0x2001'46f2	uint8_t	
[515]	'E' (0x45)	0x2001'46f3	uint8_t	
[516]	'\0' (0x00)	0x2001'46f4	uint8_t	
[517]	'#' (0x23)	0x2001'46f5	uint8_t	
[518]	'\v' (0x0B)	0x2001'46f6	uint8_t	
[519]	'`' (0x60)	0x2001'46f7	uint8_t	
[520]	'À' (0xC0)	0x2001'46f8	uint8_t	
[521]	'é' (0xE9)	0x2001'46f9	uint8_t	
[522]	'\0' (0x00)	0x2001'46fa	uint8_t	
[523]	'B' (0x42)	0x2001'46fb	uint8_t	
[524]	'ó' (0xF3)	0x2001'46fc	uint8_t	
[525]	'½' (0xBD)	0x2001'46fd	uint8_t	
[526]	'.' (0x0F)	0x2001'46fe	uint8_t	
[527]	'`' (0x60)	0x2001'46ff	uint8_t	
[528]	'.' (0x01)	0x2001'4700	uint8_t	
[529]	'#' (0x23)	0x2001'4701	uint8_t	
[530]	'' (0x8D)	0x2001'4702	uint8_t	
[531]	'ø' (0xF8)	0x2001'4703	uint8_t	
[532]	'\0' (0x00)	0x2001'4704	uint8_t	
[533]	'0' (0x30)	0x2001'4705	uint8_t	
[534]	'.' (0x01)	0x2001'4706	uint8_t	
[535]	'’' (0x92)	0x2001'4707	uint8_t	
[536]	'Ý' (0xDD)	0x2001'4708	uint8_t	
[537]	'é' (0xE9)	0x2001'4709	uint8_t	
[538]	'\0' (0x00)	0x2001'470a	uint8_t	
[539]	'#' (0x23)	0x2001'470b	uint8_t	
[540]	'À' (0xC0)	0x2001'470c	uint8_t	
[541]	'é' (0xE9)	0x2001'470d	uint8_t	
[542]	'\0' (0x00)	0x2001'470e	uint8_t	
[543]	'#' (0x23)	0x2001'470f	uint8_t	
[544]	'ó' (0xF3)	0x2001'4710	uint8_t	
[545]	'½' (0xBD)	0x2001'4711	uint8_t	
[546]	'\0' (0x00)	0x2001'4712	uint8_t	
[547]	'Ž' (0x8E)	0x2001'4713	uint8_t	
[548]	'\0' (0x00)	0x2001'4714	uint8_t	
[549]	'ô' (0xF4)	0x2001'4715	uint8_t	
[550]	'\b' (0x08)	0x2001'4716	uint8_t	
[551]	'p' (0x70)	0x2001'4717	uint8_t	
[552]	'°' (0xB0)	0x2001'4718	uint8_t	
[553]	'õ' (0xF5)	0x2001'4719	uint8_t	
[554]	'\b' (0x08)	0x2001'471a	uint8_t	
[555]	'.' (0x7F)	0x2001'471b	uint8_t	
[556]	'.' (0x01)	0x2001'471c	uint8_t	
[557]	'Ñ' (0xD1)	0x2001'471d	uint8_t	
[558]	'.' (0x01)	0x2001'471e	uint8_t	
[559]	' ' (0x20)	0x2001'471f	uint8_t	
[560]	'p' (0x70)	0x2001'4720	uint8_t	
[561]	'G' (0x47)	0x2001'4721	uint8_t	
[562]	'\0' (0x00)	0x2001'4722	uint8_t	
[563]	' ' (0x20)	0x2001'4723	uint8_t	
[564]	'p' (0x70)	0x2001'4724	uint8_t	
[565]	'G' (0x47)	0x2001'4725	uint8_t	
[566]	'ð' (0xF0)	0x2001'4726	uint8_t	
[567]	'µ' (0xB5)	0x2001'4727	uint8_t	
[568]	'Ð' (0xD0)	0x2001'4728	uint8_t	
[569]	'é' (0xE9)	0x2001'4729	uint8_t	
[570]	'\b' (0x08)	0x2001'472a	uint8_t	
[571]	'g' (0x67)	0x2001'472b	uint8_t	
[572]	'O' (0x4F)	0x2001'472c	uint8_t	
[573]	'ð' (0xF0)	0x2001'472d	uint8_t	
[574]	'€' (0x80)	0x2001'472e	uint8_t	
[575]	'U' (0x55)	0x2001'472f	uint8_t	
[576]	'¯' (0xAF)	0x2001'4730	uint8_t	
[577]	'B' (0x42)	0x2001'4731	uint8_t	
[578]	'.' (0x1F)	0x2001'4732	uint8_t	
[579]	'Ò' (0xD2)	0x2001'4733	uint8_t	
[580]	'?' (0x3F)	0x2001'4734	uint8_t	
[581]	'.' (0x01)	0x2001'4735	uint8_t	
[582]	'G' (0x47)	0x2001'4736	uint8_t	
[583]	'ê' (0xEA)	0x2001'4737	uint8_t	
[584]	'.' (0x16)	0x2001'4738	uint8_t	
[585]	'w' (0x77)	0x2001'4739	uint8_t	
[586]	'6' (0x36)	0x2001'473a	uint8_t	
[587]	'.' (0x01)	0x2001'473b	uint8_t	
[588]	'À' (0xC0)	0x2001'473c	uint8_t	
[589]	'é' (0xE9)	0x2001'473d	uint8_t	
[590]	'\b' (0x08)	0x2001'473e	uint8_t	
[591]	'g' (0x67)	0x2001'473f	uint8_t	
[592]	'Ý' (0xDD)	0x2001'4740	uint8_t	
[593]	'.' (0x17)	0x2001'4741	uint8_t	
[594]	'\0' (0x00)	0x2001'4742	uint8_t	
[595]	'+' (0x2B)	0x2001'4743	uint8_t	
[596]	'.' (0x1C)	0x2001'4744	uint8_t	
[597]	'F' (0x46)	0x2001'4745	uint8_t	
[598]	'\r' (0x0D)	0x2001'4746	uint8_t	
[599]	'Ô' (0xD4)	0x2001'4747	uint8_t	
[600]	'\0' (0x00)	0x2001'4748	uint8_t	
[601]	'ð' (0xF0)	0x2001'4749	uint8_t	
[602]	'J' (0x4A)	0x2001'474a	uint8_t	
[603]	'ø' (0xF8)	0x2001'474b	uint8_t	
[604]	'»' (0xBB)	0x2001'474c	uint8_t	
[605]	'B' (0x42)	0x2001'474d	uint8_t	
[606]	'.' (0x11)	0x2001'474e	uint8_t	
[607]	'Ó' (0xD3)	0x2001'474f	uint8_t	
[608]	'.' (0x01)	0x2001'4750	uint8_t	
[609]	'Ø' (0xD8)	0x2001'4751	uint8_t	
[610]	'²' (0xB2)	0x2001'4752	uint8_t	
[611]	'B' (0x42)	0x2001'4753	uint8_t	
[612]	'.' (0x0E)	0x2001'4754	uint8_t	
[613]	'Ó' (0xD3)	0x2001'4755	uint8_t	
[614]	'2' (0x32)	0x2001'4756	uint8_t	
[615]	'.' (0x19)	0x2001'4757	uint8_t	
[616]	'G' (0x47)	0x2001'4758	uint8_t	
[617]	'ë' (0xEB)	0x2001'4759	uint8_t	
[618]	'.' (0x05)	0x2001'475a	uint8_t	
[619]	'.' (0x03)	0x2001'475b	uint8_t	
[620]	'À' (0xC0)	0x2001'475c	uint8_t	
[621]	'é' (0xE9)	0x2001'475d	uint8_t	
[622]	'\b' (0x08)	0x2001'475e	uint8_t	
[623]	'#' (0x23)	0x2001'475f	uint8_t	
[624]	'\0' (0x00)	0x2001'4760	uint8_t	
[625]	' ' (0x20)	0x2001'4761	uint8_t	
[626]	'ð' (0xF0)	0x2001'4762	uint8_t	
[627]	'½' (0xBD)	0x2001'4763	uint8_t	
[628]	'b' (0x62)	0x2001'4764	uint8_t	
[629]	'B' (0x42)	0x2001'4765	uint8_t	
[630]	'e' (0x65)	0x2001'4766	uint8_t	
[631]	'ë' (0xEB)	0x2001'4767	uint8_t	
[632]	'E' (0x45)	0x2001'4768	uint8_t	
[633]	'.' (0x03)	0x2001'4769	uint8_t	
[634]	'Ÿ' (0x9F)	0x2001'476a	uint8_t	
[635]	'B' (0x42)	0x2001'476b	uint8_t	
[636]	'ó' (0xF3)	0x2001'476c	uint8_t	
[637]	'Ø' (0xD8)	0x2001'476d	uint8_t	
[638]	'(' (0x28)	0x2001'476e	uint8_t	
[639]	'¿' (0xBF)	0x2001'476f	uint8_t	
[640]	'–' (0x96)	0x2001'4770	uint8_t	
[641]	'B' (0x42)	0x2001'4771	uint8_t	
[642]	'ð' (0xF0)	0x2001'4772	uint8_t	
[643]	'Ò' (0xD2)	0x2001'4773	uint8_t	
[644]	'.' (0x01)	0x2001'4774	uint8_t	
[645]	' ' (0x20)	0x2001'4775	uint8_t	
[646]	'ð' (0xF0)	0x2001'4776	uint8_t	
[647]	'½' (0xBD)	0x2001'4777	uint8_t	
[648]	'-' (0x2D)	0x2001'4778	uint8_t	
[649]	'é' (0xE9)	0x2001'4779	uint8_t	
[650]	'ð' (0xF0)	0x2001'477a	uint8_t	
[651]	'A' (0x41)	0x2001'477b	uint8_t	
[652]	'Ð' (0xD0)	0x2001'477c	uint8_t	
[653]	'é' (0xE9)	0x2001'477d	uint8_t	
[654]	'\b' (0x08)	0x2001'477e	uint8_t	
[655]	'E' (0x45)	0x2001'477f	uint8_t	
[656]	'.' (0x15)	0x2001'4780	uint8_t	
[657]	'I' (0x49)	0x2001'4781	uint8_t	
[658]	'.' (0x16)	0x2001'4782	uint8_t	
[659]	'N' (0x4E)	0x2001'4783	uint8_t	
[660]	'' (0x8D)	0x2001'4784	uint8_t	
[661]	'B' (0x42)	0x2001'4785	uint8_t	
[662]	'$' (0x24)	0x2001'4786	uint8_t	
[663]	'Ø' (0xD8)	0x2001'4787	uint8_t	
[664]	'(' (0x28)	0x2001'4788	uint8_t	
[665]	'¿' (0xBF)	0x2001'4789	uint8_t	
[666]	'´' (0xB4)	0x2001'478a	uint8_t	
[667]	'B' (0x42)	0x2001'478b	uint8_t	
[668]	'!' (0x21)	0x2001'478c	uint8_t	
[669]	'Ò' (0xD2)	0x2001'478d	uint8_t	
[670]	'\n' (0x0A)	0x2001'478e	uint8_t	
[671]	''' (0x27)	0x2001'478f	uint8_t	
[672]	'§' (0xA7)	0x2001'4790	uint8_t	
[673]	'û' (0xFB)	0x2001'4791	uint8_t	
[674]	'.' (0x04)	0x2001'4792	uint8_t	
[675]	'h' (0x68)	0x2001'4793	uint8_t	
[676]	'\a' (0x07)	0x2001'4794	uint8_t	
[677]	'û' (0xFB)	0x2001'4795	uint8_t	
[678]	'.' (0x05)	0x2001'4796	uint8_t	
[679]	'ˆ' (0x88)	0x2001'4797	uint8_t	
[680]	'À' (0xC0)	0x2001'4798	uint8_t	
[681]	'é' (0xE9)	0x2001'4799	uint8_t	
[682]	'\b' (0x08)	0x2001'479a	uint8_t	
[683]	'h' (0x68)	0x2001'479b	uint8_t	
[684]	'Ý' (0xDD)	0x2001'479c	uint8_t	
[685]	'.' (0x17)	0x2001'479d	uint8_t	
[686]	'\0' (0x00)	0x2001'479e	uint8_t	
[687]	'+' (0x2B)	0x2001'479f	uint8_t	
[688]	'.' (0x1C)	0x2001'47a0	uint8_t	
[689]	'F' (0x46)	0x2001'47a1	uint8_t	
[690]	'.' (0x0E)	0x2001'47a2	uint8_t	
[691]	'Ô' (0xD4)	0x2001'47a3	uint8_t	
[692]	'\0' (0x00)	0x2001'47a4	uint8_t	
[693]	'ð' (0xF0)	0x2001'47a5	uint8_t	
[694]	'.' (0x1C)	0x2001'47a6	uint8_t	
[695]	'ø' (0xF8)	0x2001'47a7	uint8_t	
[696]	'C' (0x43)	0x2001'47a8	uint8_t	
[697]	'E' (0x45)	0x2001'47a9	uint8_t	
[698]	'.' (0x12)	0x2001'47aa	uint8_t	
[699]	'Ó' (0xD3)	0x2001'47ab	uint8_t	
[700]	'.' (0x01)	0x2001'47ac	uint8_t	
[701]	'Ø' (0xD8)	0x2001'47ad	uint8_t	
[702]	'²' (0xB2)	0x2001'47ae	uint8_t	
[703]	'B' (0x42)	0x2001'47af	uint8_t	
[704]	'.' (0x0F)	0x2001'47b0	uint8_t	
[705]	'Ó' (0xD3)	0x2001'47b1	uint8_t	
[706]	'2' (0x32)	0x2001'47b2	uint8_t	
[707]	'.' (0x19)	0x2001'47b3	uint8_t	
[708]	'H' (0x48)	0x2001'47b4	uint8_t	
[709]	'ë' (0xEB)	0x2001'47b5	uint8_t	
[710]	'.' (0x05)	0x2001'47b6	uint8_t	
[711]	'.' (0x03)	0x2001'47b7	uint8_t	
[712]	'À' (0xC0)	0x2001'47b8	uint8_t	
[713]	'é' (0xE9)	0x2001'47b9	uint8_t	
[714]	'\b' (0x08)	0x2001'47ba	uint8_t	
[715]	'#' (0x23)	0x2001'47bb	uint8_t	
[716]	'\0' (0x00)	0x2001'47bc	uint8_t	
[717]	' ' (0x20)	0x2001'47bd	uint8_t	
[718]	'½' (0xBD)	0x2001'47be	uint8_t	
[719]	'è' (0xE8)	0x2001'47bf	uint8_t	
[720]	'ð' (0xF0)	0x2001'47c0	uint8_t	
[721]	'' (0x81)	0x2001'47c1	uint8_t	
[722]	'b' (0x62)	0x2001'47c2	uint8_t	
[723]	'B' (0x42)	0x2001'47c3	uint8_t	
[724]	'e' (0x65)	0x2001'47c4	uint8_t	
[725]	'ë' (0xEB)	0x2001'47c5	uint8_t	
[726]	'E' (0x45)	0x2001'47c6	uint8_t	
[727]	'.' (0x03)	0x2001'47c7	uint8_t	
[728]	'˜' (0x98)	0x2001'47c8	uint8_t	
[729]	'E' (0x45)	0x2001'47c9	uint8_t	
[730]	'ò' (0xF2)	0x2001'47ca	uint8_t	
[731]	'Ø' (0xD8)	0x2001'47cb	uint8_t	
[732]	'(' (0x28)	0x2001'47cc	uint8_t	
[733]	'¿' (0xBF)	0x2001'47cd	uint8_t	
[734]	'–' (0x96)	0x2001'47ce	uint8_t	
[735]	'B' (0x42)	0x2001'47cf	uint8_t	
[736]	'ï' (0xEF)	0x2001'47d0	uint8_t	
[737]	'Ò' (0xD2)	0x2001'47d1	uint8_t	
[738]	'.' (0x01)	0x2001'47d2	uint8_t	
[739]	' ' (0x20)	0x2001'47d3	uint8_t	
[740]	'ó' (0xF3)	0x2001'47d4	uint8_t	
[741]	'ç' (0xE7)	0x2001'47d5	uint8_t	
[742]	'\0' (0x00)	0x2001'47d6	uint8_t	
[743]	'\0' (0x00)	0x2001'47d7	uint8_t	
[744]	'™' (0x99)	0x2001'47d8	uint8_t	
[745]	'™' (0x99)	0x2001'47d9	uint8_t	
[746]	'™' (0x99)	0x2001'47da	uint8_t	
[747]	'.' (0x19)	0x2001'47db	uint8_t	
[748]	'š' (0x9A)	0x2001'47dc	uint8_t	
[749]	'™' (0x99)	0x2001'47dd	uint8_t	
[750]	'™' (0x99)	0x2001'47de	uint8_t	
[751]	'™' (0x99)	0x2001'47df	uint8_t	
[752]	'O' (0x4F)	0x2001'47e0	uint8_t	
[753]	'ð' (0xF0)	0x2001'47e1	uint8_t	
[754]	'ÿ' (0xFF)	0x2001'47e2	uint8_t	
[755]	'2' (0x32)	0x2001'47e3	uint8_t	
[756]	'.' (0x13)	0x2001'47e4	uint8_t	
[757]	'F' (0x46)	0x2001'47e5	uint8_t	
[758]	'.' (0x12)	0x2001'47e6	uint8_t	
[759]	'.' (0x1B)	0x2001'47e7	uint8_t	
[760]	'«' (0xAB)	0x2001'47e8	uint8_t	
[761]	'A' (0x41)	0x2001'47e9	uint8_t	
[762]	'p' (0x70)	0x2001'47ea	uint8_t	
[763]	'G' (0x47)	0x2001'47eb	uint8_t	
[764]	'.' (0x10)	0x2001'47ec	uint8_t	
[765]	'µ' (0xB5)	0x2001'47ed	uint8_t	
[766]	'A' (0x41)	0x2001'47ee	uint8_t	
[767]	'Ž' (0x8E)	0x2001'47ef	uint8_t	
[768]	'A' (0x41)	0x2001'47f0	uint8_t	
[769]	'ö' (0xF6)	0x2001'47f1	uint8_t	
[770]	'š' (0x9A)	0x2001'47f2	uint8_t	
[771]	'.' (0x12)	0x2001'47f3	uint8_t	
[772]	'‘' (0x91)	0x2001'47f4	uint8_t	
[773]	'B' (0x42)	0x2001'47f5	uint8_t	
[774]	'.' (0x14)	0x2001'47f6	uint8_t	
[775]	'Ú' (0xDA)	0x2001'47f7	uint8_t	
[776]	'\n' (0x0A)	0x2001'47f8	uint8_t	
[777]	'"' (0x22)	0x2001'47f9	uint8_t	
[778]	'.' (0x11)	0x2001'47fa	uint8_t	
[779]	'û' (0xFB)	0x2001'47fb	uint8_t	
[780]	'.' (0x02)	0x2001'47fc	uint8_t	
[781]	'ô' (0xF4)	0x2001'47fd	uint8_t	
[782]	'\0' (0x00)	0x2001'47fe	uint8_t	
[783]	'+' (0x2B)	0x2001'47ff	uint8_t	
[784]	'D' (0x44)	0x2001'4800	uint8_t	
[785]	'†' (0x86)	0x2001'4801	uint8_t	
[786]	'¡' (0xA1)	0x2001'4802	uint8_t	
[787]	'²' (0xB2)	0x2001'4803	uint8_t	
[788]	'.' (0x05)	0x2001'4804	uint8_t	
[789]	'Ô' (0xD4)	0x2001'4805	uint8_t	
[790]	'O' (0x4F)	0x2001'4806	uint8_t	
[791]	'ö' (0xF6)	0x2001'4807	uint8_t	
[792]	'ÿ' (0xFF)	0x2001'4808	uint8_t	
[793]	'r' (0x72)	0x2001'4809	uint8_t	
[794]	'Ò' (0xD2)	0x2001'480a	uint8_t	
[795]	'.' (0x1A)	0x2001'480b	uint8_t	
[796]	'Š' (0x8A)	0x2001'480c	uint8_t	
[797]	'B' (0x42)	0x2001'480d	uint8_t	
[798]	'.' (0x02)	0x2001'480e	uint8_t	
[799]	'Ú' (0xDA)	0x2001'480f	uint8_t	
[800]	'\a' (0x07)	0x2001'4810	uint8_t	
[801]	'à' (0xE0)	0x2001'4811	uint8_t	
[802]	'Ù' (0xD9)	0x2001'4812	uint8_t	
[803]	'B' (0x42)	0x2001'4813	uint8_t	
[804]	'.' (0x05)	0x2001'4814	uint8_t	
[805]	'Û' (0xDB)	0x2001'4815	uint8_t	
[806]	'.' (0x1B)	0x2001'4816	uint8_t	
[807]	'.' (0x19)	0x2001'4817	uint8_t	
[808]	'C' (0x43)	0x2001'4818	uint8_t	
[809]	'†' (0x86)	0x2001'4819	uint8_t	
[810]	'›' (0x9B)	0x2001'481a	uint8_t	
[811]	'²' (0xB2)	0x2001'481b	uint8_t	
[812]	'³' (0xB3)	0x2001'481c	uint8_t	
[813]	'õ' (0xF5)	0x2001'481d	uint8_t	
[814]	'z' (0x7A)	0x2001'481e	uint8_t	
[815]	'.' (0x7F)	0x2001'481f	uint8_t	
[816]	'.' (0x01)	0x2001'4820	uint8_t	
[817]	'Û' (0xDB)	0x2001'4821	uint8_t	
[818]	'.' (0x01)	0x2001'4822	uint8_t	
[819]	' ' (0x20)	0x2001'4823	uint8_t	
[820]	'.' (0x10)	0x2001'4824	uint8_t	
[821]	'½' (0xBD)	0x2001'4825	uint8_t	
[822]	'\0' (0x00)	0x2001'4826	uint8_t	
[823]	' ' (0x20)	0x2001'4827	uint8_t	
[824]	'.' (0x10)	0x2001'4828	uint8_t	
[825]	'½' (0xBD)	0x2001'4829	uint8_t	
[826]	'.' (0x10)	0x2001'482a	uint8_t	
[827]	'µ' (0xB5)	0x2001'482b	uint8_t	
[828]	'.' (0x04)	0x2001'482c	uint8_t	
[829]	'F' (0x46)	0x2001'482d	uint8_t	
[830]	'8' (0x38)	0x2001'482e	uint8_t	
[831]	'!' (0x21)	0x2001'482f	uint8_t	
[832]	'.' (0x02)	0x2001'4830	uint8_t	
[833]	'ð' (0xF0)	0x2001'4831	uint8_t	
[834]	'Ð' (0xD0)	0x2001'4832	uint8_t	
[835]	'ø' (0xF8)	0x2001'4833	uint8_t	
[836]	'¶' (0xB6)	0x2001'4834	uint8_t	
[837]	'"' (0x22)	0x2001'4835	uint8_t	
[838]	'â' (0xE2)	0x2001'4836	uint8_t	
[839]	'a' (0x61)	0x2001'4837	uint8_t	
[840]	'\0' (0x00)	0x2001'4838	uint8_t	
[841]	' ' (0x20)	0x2001'4839	uint8_t	
[842]	'.' (0x10)	0x2001'483a	uint8_t	
[843]	'½' (0xBD)	0x2001'483b	uint8_t	
[844]	'\0' (0x00)	0x2001'483c	uint8_t	
[845]	'\0' (0x00)	0x2001'483d	uint8_t	
[846]	'\0' (0x00)	0x2001'483e	uint8_t	
[847]	'\0' (0x00)	0x2001'483f	uint8_t	
[848]	'-' (0x2D)	0x2001'4840	uint8_t	
[849]	'é' (0xE9)	0x2001'4841	uint8_t	
[850]	'ø' (0xF8)	0x2001'4842	uint8_t	
[851]	'O' (0x4F)	0x2001'4843	uint8_t	
[852]	'\a' (0x07)	0x2001'4844	uint8_t	
[853]	'F' (0x46)	0x2001'4845	uint8_t	
[854]	'„' (0x84)	0x2001'4846	uint8_t	
[855]	'°' (0xB0)	0x2001'4847	uint8_t	
[856]	'ø' (0xF8)	0x2001'4848	uint8_t	
[857]	'h' (0x68)	0x2001'4849	uint8_t	
[858]	'\0' (0x00)	0x2001'484a	uint8_t	
[859]	'(' (0x28)	0x2001'484b	uint8_t	
[860]	'.' (0x16)	0x2001'484c	uint8_t	
[861]	'F' (0x46)	0x2001'484d	uint8_t	
[862]	'A' (0x41)	0x2001'484e	uint8_t	
[863]	'ð' (0xF0)	0x2001'484f	uint8_t	
[864]	'a' (0x61)	0x2001'4850	uint8_t	
[865]	'‡' (0x87)	0x2001'4851	uint8_t	
[866]	'x' (0x78)	0x2001'4852	uint8_t	
[867]	'h' (0x68)	0x2001'4853	uint8_t	
[868]	'\0' (0x00)	0x2001'4854	uint8_t	
[869]	'±' (0xB1)	0x2001'4855	uint8_t	
[870]	'y' (0x79)	0x2001'4856	uint8_t	
[871]	'`' (0x60)	0x2001'4857	uint8_t	
[872]	'8' (0x38)	0x2001'4858	uint8_t	
[873]	'.' (0x7F)	0x2001'4859	uint8_t	
[874]	'ß' (0xDF)	0x2001'485a	uint8_t	
[875]	'ø' (0xF8)	0x2001'485b	uint8_t	
[876]	'x' (0x78)	0x2001'485c	uint8_t	
[877]	'ª' (0xAA)	0x2001'485d	uint8_t	
[878]	'ß' (0xDF)	0x2001'485e	uint8_t	
[879]	'ø' (0xF8)	0x2001'485f	uint8_t	
[880]	'x' (0x78)	0x2001'4860	uint8_t	
[881]	'š' (0x9A)	0x2001'4861	uint8_t	
[882]	'ß' (0xDF)	0x2001'4862	uint8_t	
[883]	'ø' (0xF8)	0x2001'4863	uint8_t	
[884]	'x' (0x78)	0x2001'4864	uint8_t	
[885]	'Š' (0x8A)	0x2001'4865	uint8_t	
[886]	'ß' (0xDF)	0x2001'4866	uint8_t	
[887]	'ø' (0xF8)	0x2001'4867	uint8_t	
[888]	'x' (0x78)	0x2001'4868	uint8_t	
[889]	'º' (0xBA)	0x2001'4869	uint8_t	
[890]	'@' (0x40)	0x2001'486a	uint8_t	
[891]	'.' (0x1E)	0x2001'486b	uint8_t	
[892]	'µ' (0xB5)	0x2001'486c	uint8_t	
[893]	'(' (0x28)	0x2001'486d	uint8_t	
[894]	'\r' (0x0D)	0x2001'486e	uint8_t	
[895]	'F' (0x46)	0x2001'486f	uint8_t	
[896]	'\a' (0x07)	0x2001'4870	uint8_t	
[897]	'ñ' (0xF1)	0x2001'4871	uint8_t	
[898]	'(' (0x28)	0x2001'4872	uint8_t	
[899]	'.' (0x04)	0x2001'4873	uint8_t	
[900]	'.' (0x01)	0x2001'4874	uint8_t	
[901]	'ò' (0xF2)	0x2001'4875	uint8_t	
[902]	'‰' (0x89)	0x2001'4876	uint8_t	
[903]	'…' (0x85)	0x2001'4877	uint8_t	
[904]	'ß' (0xDF)	0x2001'4878	uint8_t	
[905]	'è' (0xE8)	0x2001'4879	uint8_t	
[906]	'.' (0x10)	0x2001'487a	uint8_t	
[907]	'ð' (0xF0)	0x2001'487b	uint8_t	
[908]	'F' (0x46)	0x2001'487c	uint8_t	
[909]	'.' (0x0F)	0x2001'487d	uint8_t	
[910]	'¶' (0xB6)	0x2001'487e	uint8_t	
[911]	'\0' (0x00)	0x2001'487f	uint8_t	
[912]	'Ø' (0xD8)	0x2001'4880	uint8_t	
[913]	'\v' (0x0B)	0x2001'4881	uint8_t	
[914]	'Ô' (0xD4)	0x2001'4882	uint8_t	
[915]	'\v' (0x0B)	0x2001'4883	uint8_t	
[916]	'Ë' (0xCB)	0x2001'4884	uint8_t	
[917]	'\v' (0x0B)	0x2001'4885	uint8_t	
[918]	'y' (0x79)	0x2001'4886	uint8_t	
[919]	'\v' (0x0B)	0x2001'4887	uint8_t	
[920]	't' (0x74)	0x2001'4888	uint8_t	
[921]	'\v' (0x0B)	0x2001'4889	uint8_t	
[922]	'g' (0x67)	0x2001'488a	uint8_t	
[923]	'\v' (0x0B)	0x2001'488b	uint8_t	
[924]	'`' (0x60)	0x2001'488c	uint8_t	
[925]	'\v' (0x0B)	0x2001'488d	uint8_t	
[926]	'U' (0x55)	0x2001'488e	uint8_t	
[927]	'\v' (0x0B)	0x2001'488f	uint8_t	
[928]	'@' (0x40)	0x2001'4890	uint8_t	
[929]	'\v' (0x0B)	0x2001'4891	uint8_t	
[930]	';' (0x3B)	0x2001'4892	uint8_t	
[931]	'\v' (0x0B)	0x2001'4893	uint8_t	
[932]	'+' (0x2B)	0x2001'4894	uint8_t	
[933]	'\v' (0x0B)	0x2001'4895	uint8_t	
[934]	'Í' (0xCD)	0x2001'4896	uint8_t	
[935]	'\n' (0x0A)	0x2001'4897	uint8_t	
[936]	'' (0x8F)	0x2001'4898	uint8_t	
[937]	'\n' (0x0A)	0x2001'4899	uint8_t	
[938]	'Œ' (0x8C)	0x2001'489a	uint8_t	
[939]	'\n' (0x0A)	0x2001'489b	uint8_t	
[940]	'w' (0x77)	0x2001'489c	uint8_t	
[941]	'\n' (0x0A)	0x2001'489d	uint8_t	
[942]	'o' (0x6F)	0x2001'489e	uint8_t	
[943]	'\n' (0x0A)	0x2001'489f	uint8_t	
[944]	'k' (0x6B)	0x2001'48a0	uint8_t	
[945]	'\n' (0x0A)	0x2001'48a1	uint8_t	
[946]	'c' (0x63)	0x2001'48a2	uint8_t	
[947]	'\n' (0x0A)	0x2001'48a3	uint8_t	
[948]	'N' (0x4E)	0x2001'48a4	uint8_t	
[949]	'\n' (0x0A)	0x2001'48a5	uint8_t	
[950]	'.' (0x1B)	0x2001'48a6	uint8_t	
[951]	'\n' (0x0A)	0x2001'48a7	uint8_t	
[952]	'.' (0x13)	0x2001'48a8	uint8_t	
[953]	'.' (0x0F)	0x2001'48a9	uint8_t	
[954]	'>' (0x3E)	0x2001'48aa	uint8_t	
[955]	'\r' (0x0D)	0x2001'48ab	uint8_t	
[956]	'.' (0x06)	0x2001'48ac	uint8_t	
[957]	'\r' (0x0D)	0x2001'48ad	uint8_t	
[958]	'.' (0x01)	0x2001'48ae	uint8_t	
[959]	'\r' (0x0D)	0x2001'48af	uint8_t	
[960]	'ô' (0xF4)	0x2001'48b0	uint8_t	
[961]	'.' (0x0E)	0x2001'48b1	uint8_t	
[962]	'â' (0xE2)	0x2001'48b2	uint8_t	
[963]	'.' (0x0E)	0x2001'48b3	uint8_t	
[964]	'Ø' (0xD8)	0x2001'48b4	uint8_t	
[965]	'.' (0x0E)	0x2001'48b5	uint8_t	
[966]	'Å' (0xC5)	0x2001'48b6	uint8_t	
[967]	'.' (0x0E)	0x2001'48b7	uint8_t	
[968]	'Á' (0xC1)	0x2001'48b8	uint8_t	
[969]	'.' (0x0E)	0x2001'48b9	uint8_t	
[970]	'—' (0x97)	0x2001'48ba	uint8_t	
[971]	'.' (0x0E)	0x2001'48bb	uint8_t	
[972]	'z' (0x7A)	0x2001'48bc	uint8_t	
[973]	'.' (0x0E)	0x2001'48bd	uint8_t	
[974]	'd' (0x64)	0x2001'48be	uint8_t	
[975]	'.' (0x0E)	0x2001'48bf	uint8_t	
[976]	'O' (0x4F)	0x2001'48c0	uint8_t	
[977]	'.' (0x0E)	0x2001'48c1	uint8_t	
[978]	'8' (0x38)	0x2001'48c2	uint8_t	
[979]	'.' (0x0E)	0x2001'48c3	uint8_t	
[980]	'.' (0x13)	0x2001'48c4	uint8_t	
[981]	'.' (0x0E)	0x2001'48c5	uint8_t	
[982]	'1' (0x31)	0x2001'48c6	uint8_t	
[983]	'.' (0x0E)	0x2001'48c7	uint8_t	
[984]	' ' (0x20)	0x2001'48c8	uint8_t	
[985]	'.' (0x0E)	0x2001'48c9	uint8_t	
[986]	'Ñ' (0xD1)	0x2001'48ca	uint8_t	
[987]	'\r' (0x0D)	0x2001'48cb	uint8_t	
[988]	'®' (0xAE)	0x2001'48cc	uint8_t	
[989]	'\r' (0x0D)	0x2001'48cd	uint8_t	
[990]	'¢' (0xA2)	0x2001'48ce	uint8_t	
[991]	'\r' (0x0D)	0x2001'48cf	uint8_t	
[992]	'd' (0x64)	0x2001'48d0	uint8_t	
[993]	'\r' (0x0D)	0x2001'48d1	uint8_t	
[994]	'˜' (0x98)	0x2001'48d2	uint8_t	
[995]	'\r' (0x0D)	0x2001'48d3	uint8_t	
[996]	'p' (0x70)	0x2001'48d4	uint8_t	
[997]	'\r' (0x0D)	0x2001'48d5	uint8_t	
[998]	'G' (0x47)	0x2001'48d6	uint8_t	
[999]	'\r' (0x0D)	0x2001'48d7	uint8_t	
[1000]	'ü' (0xFC)	0x2001'48d8	uint8_t	
[1001]	'\f' (0x0C)	0x2001'48d9	uint8_t	
[1002]	'í' (0xED)	0x2001'48da	uint8_t	
[1003]	'\f' (0x0C)	0x2001'48db	uint8_t	
[1004]	'Ù' (0xD9)	0x2001'48dc	uint8_t	
[1005]	'\f' (0x0C)	0x2001'48dd	uint8_t	
[1006]	'Õ' (0xD5)	0x2001'48de	uint8_t	
[1007]	'\f' (0x0C)	0x2001'48df	uint8_t	
[1008]	'·' (0xB7)	0x2001'48e0	uint8_t	
[1009]	'\f' (0x0C)	0x2001'48e1	uint8_t	
[1010]	'ž' (0x9E)	0x2001'48e2	uint8_t	
[1011]	'\f' (0x0C)	0x2001'48e3	uint8_t	
[1012]	'Š' (0x8A)	0x2001'48e4	uint8_t	
[1013]	'\f' (0x0C)	0x2001'48e5	uint8_t	
[1014]	'z' (0x7A)	0x2001'48e6	uint8_t	
[1015]	'\f' (0x0C)	0x2001'48e7	uint8_t	
[1016]	'k' (0x6B)	0x2001'48e8	uint8_t	
[1017]	'\f' (0x0C)	0x2001'48e9	uint8_t	
[1018]	'Y' (0x59)	0x2001'48ea	uint8_t	
[1019]	'\f' (0x0C)	0x2001'48eb	uint8_t	
[1020]	'E' (0x45)	0x2001'48ec	uint8_t	
[1021]	'\f' (0x0C)	0x2001'48ed	uint8_t	
[1022]	'1' (0x31)	0x2001'48ee	uint8_t	
[1023]	'\f' (0x0C)	0x2001'48ef	uint8_t	
